2025-07-29 14:44:35.652 | INFO     | test_setup:test_setup_logger_runs:12 - Logger setup test message.
2025-07-29 14:44:35.654 | INFO     | d3_item_salvager.logging.setup:wrapper:21 - Started dummy_timed_func
2025-07-29 14:44:35.654 | INFO     | d3_item_salvager.logging.setup:wrapper:23 - Finished dummy_timed_func in 0.00s
2025-07-29 14:44:35.655 | INFO     | d3_item_salvager.logging.setup:wrapper:37 - Calling dummy_contextual_func
2025-07-29 14:44:35.655 | INFO     | d3_item_salvager.logging.setup:wrapper:39 - Finished dummy_contextual_func
2025-07-29 14:44:35.939 | INFO     | d3_item_salvager.maxroll_parser.get_guide_urls:_fetch_guides_from_api:106 - Fetched %d guides from API
2025-07-29 14:44:35.940 | INFO     | d3_item_salvager.maxroll_parser.get_guide_cache_utils:save_guides_to_cache:48 - Saved %d guides to file cache
2025-07-29 14:44:35.948 | INFO     | d3_item_salvager.maxroll_parser.get_guide_cache_utils:load_guides_from_cache:29 - Loaded %d guides from file cache (%d seconds old)
2025-07-29 14:44:35.950 | INFO     | d3_item_salvager.maxroll_parser.get_guide_cache_utils:load_guides_from_cache:29 - Loaded %d guides from file cache (%d seconds old)
2025-07-29 14:44:35.952 | INFO     | d3_item_salvager.maxroll_parser.get_guide_cache_utils:load_guides_from_cache:29 - Loaded %d guides from file cache (%d seconds old)
2025-07-29 14:44:35.962 | INFO     | d3_item_salvager.maxroll_parser.get_guide_urls:fetch_guides:123 - Fetched %d guides from local file
2025-07-29 14:44:35.963 | INFO     | d3_item_salvager.maxroll_parser.get_guide_cache_utils:save_guides_to_cache:48 - Saved %d guides to file cache
2025-07-29 14:44:35.968 | INFO     | d3_item_salvager.maxroll_parser.get_guide_urls:fetch_guides:123 - Fetched %d guides from local file
2025-07-29 14:44:35.977 | INFO     | d3_item_salvager.maxroll_parser.get_guide_urls:fetch_guides:123 - Fetched %d guides from local file
2025-07-29 14:44:35.980 | INFO     | d3_item_salvager.maxroll_parser.get_guide_urls:_fetch_guides_from_api:106 - Fetched %d guides from API
2025-07-29 14:44:35.981 | INFO     | d3_item_salvager.maxroll_parser.get_guide_cache_utils:save_guides_to_cache:48 - Saved %d guides to file cache
2025-07-29 14:47:07.863 | INFO     | test_setup:test_setup_logger_runs:12 - Logger setup test message.
2025-07-29 14:47:07.865 | INFO     | d3_item_salvager.logging.setup:wrapper:21 - Started dummy_timed_func
2025-07-29 14:47:07.865 | INFO     | d3_item_salvager.logging.setup:wrapper:23 - Finished dummy_timed_func in 0.00s
2025-07-29 14:47:07.866 | INFO     | d3_item_salvager.logging.setup:wrapper:37 - Calling dummy_contextual_func
2025-07-29 14:47:07.866 | INFO     | d3_item_salvager.logging.setup:wrapper:39 - Finished dummy_contextual_func
2025-07-29 14:47:07.919 | INFO     | d3_item_salvager.maxroll_parser.get_guide_cache_utils:save_guides_to_cache:48 - Saved %d guides to file cache
2025-07-29 14:47:07.926 | INFO     | d3_item_salvager.maxroll_parser.get_guide_cache_utils:load_guides_from_cache:29 - Loaded %d guides from file cache (%d seconds old)
2025-07-29 14:47:07.929 | INFO     | d3_item_salvager.maxroll_parser.get_guide_cache_utils:save_guides_to_cache:48 - Saved %d guides to file cache
2025-07-29 14:47:07.935 | WARNING  | d3_item_salvager.maxroll_parser.get_guide_cache_utils:load_guides_from_cache:36 - Failed to load cache file: %s
2025-07-29 14:47:07.944 | INFO     | d3_item_salvager.maxroll_parser.get_guide_cache_utils:load_guides_from_cache:29 - Loaded %d guides from file cache (%d seconds old)
2025-07-29 14:47:07.948 | INFO     | d3_item_salvager.maxroll_parser.get_guide_urls:_fetch_guides_from_api:106 - Fetched %d guides from API
2025-07-29 14:47:07.949 | INFO     | d3_item_salvager.maxroll_parser.get_guide_cache_utils:save_guides_to_cache:48 - Saved %d guides to file cache
2025-07-29 14:47:07.951 | INFO     | d3_item_salvager.maxroll_parser.get_guide_cache_utils:load_guides_from_cache:29 - Loaded %d guides from file cache (%d seconds old)
2025-07-29 14:47:07.953 | INFO     | d3_item_salvager.maxroll_parser.get_guide_cache_utils:load_guides_from_cache:29 - Loaded %d guides from file cache (%d seconds old)
2025-07-29 14:47:07.955 | INFO     | d3_item_salvager.maxroll_parser.get_guide_cache_utils:load_guides_from_cache:29 - Loaded %d guides from file cache (%d seconds old)
2025-07-29 14:47:07.959 | INFO     | d3_item_salvager.maxroll_parser.get_guide_urls:fetch_guides:123 - Fetched %d guides from local file
2025-07-29 14:47:07.960 | INFO     | d3_item_salvager.maxroll_parser.get_guide_cache_utils:save_guides_to_cache:48 - Saved %d guides to file cache
2025-07-29 14:47:07.964 | INFO     | d3_item_salvager.maxroll_parser.get_guide_urls:fetch_guides:123 - Fetched %d guides from local file
2025-07-29 14:47:07.968 | INFO     | d3_item_salvager.maxroll_parser.get_guide_urls:fetch_guides:123 - Fetched %d guides from local file
2025-07-29 14:47:07.971 | INFO     | d3_item_salvager.maxroll_parser.get_guide_urls:_fetch_guides_from_api:106 - Fetched %d guides from API
2025-07-29 14:47:07.971 | INFO     | d3_item_salvager.maxroll_parser.get_guide_cache_utils:save_guides_to_cache:48 - Saved %d guides to file cache
2025-07-29 14:47:30.304 | INFO     | test_setup:test_setup_logger_runs:12 - Logger setup test message.
2025-07-29 14:47:30.306 | INFO     | d3_item_salvager.logging.setup:wrapper:21 - Started dummy_timed_func
2025-07-29 14:47:30.306 | INFO     | d3_item_salvager.logging.setup:wrapper:23 - Finished dummy_timed_func in 0.00s
2025-07-29 14:47:30.307 | INFO     | d3_item_salvager.logging.setup:wrapper:37 - Calling dummy_contextual_func
2025-07-29 14:47:30.307 | INFO     | d3_item_salvager.logging.setup:wrapper:39 - Finished dummy_contextual_func
2025-07-29 14:47:30.363 | INFO     | d3_item_salvager.maxroll_parser.get_guide_cache_utils:save_guides_to_cache:48 - Saved %d guides to file cache
2025-07-29 14:47:30.365 | INFO     | d3_item_salvager.maxroll_parser.get_guide_cache_utils:load_guides_from_cache:29 - Loaded %d guides from file cache (%d seconds old)
2025-07-29 14:47:30.370 | INFO     | d3_item_salvager.maxroll_parser.get_guide_cache_utils:save_guides_to_cache:48 - Saved %d guides to file cache
2025-07-29 14:47:30.377 | WARNING  | d3_item_salvager.maxroll_parser.get_guide_cache_utils:load_guides_from_cache:36 - Failed to load cache file: %s
2025-07-29 14:47:30.381 | INFO     | d3_item_salvager.maxroll_parser.get_guide_cache_utils:load_guides_from_cache:29 - Loaded %d guides from file cache (%d seconds old)
2025-07-29 14:47:30.386 | INFO     | d3_item_salvager.maxroll_parser.get_guide_urls:_fetch_guides_from_api:106 - Fetched %d guides from API
2025-07-29 14:47:30.387 | INFO     | d3_item_salvager.maxroll_parser.get_guide_cache_utils:save_guides_to_cache:48 - Saved %d guides to file cache
2025-07-29 14:47:30.389 | INFO     | d3_item_salvager.maxroll_parser.get_guide_cache_utils:load_guides_from_cache:29 - Loaded %d guides from file cache (%d seconds old)
2025-07-29 14:47:30.391 | INFO     | d3_item_salvager.maxroll_parser.get_guide_cache_utils:load_guides_from_cache:29 - Loaded %d guides from file cache (%d seconds old)
2025-07-29 14:47:30.394 | INFO     | d3_item_salvager.maxroll_parser.get_guide_cache_utils:load_guides_from_cache:29 - Loaded %d guides from file cache (%d seconds old)
2025-07-29 14:47:30.400 | INFO     | d3_item_salvager.maxroll_parser.get_guide_urls:fetch_guides:123 - Fetched %d guides from local file
2025-07-29 14:47:30.401 | INFO     | d3_item_salvager.maxroll_parser.get_guide_cache_utils:save_guides_to_cache:48 - Saved %d guides to file cache
2025-07-29 14:47:30.407 | INFO     | d3_item_salvager.maxroll_parser.get_guide_urls:fetch_guides:123 - Fetched %d guides from local file
2025-07-29 14:47:30.413 | INFO     | d3_item_salvager.maxroll_parser.get_guide_urls:fetch_guides:123 - Fetched %d guides from local file
2025-07-29 14:47:30.415 | INFO     | d3_item_salvager.maxroll_parser.get_guide_urls:_fetch_guides_from_api:106 - Fetched %d guides from API
2025-07-29 14:47:30.416 | INFO     | d3_item_salvager.maxroll_parser.get_guide_cache_utils:save_guides_to_cache:48 - Saved %d guides to file cache
2025-07-29 14:51:47.344 | INFO     | test_setup:test_setup_logger_runs:12 - Logger setup test message.
2025-07-29 14:51:47.347 | INFO     | d3_item_salvager.logging.setup:wrapper:21 - Started dummy_timed_func
2025-07-29 14:51:47.348 | INFO     | d3_item_salvager.logging.setup:wrapper:23 - Finished dummy_timed_func in 0.00s
2025-07-29 14:51:47.350 | INFO     | d3_item_salvager.logging.setup:wrapper:37 - Calling dummy_contextual_func
2025-07-29 14:51:47.350 | INFO     | d3_item_salvager.logging.setup:wrapper:39 - Finished dummy_contextual_func
2025-07-29 14:51:47.419 | INFO     | d3_item_salvager.maxroll_parser.get_guide_cache_utils:save_guides_to_cache:48 - Saved %d guides to file cache
2025-07-29 14:51:47.420 | INFO     | d3_item_salvager.maxroll_parser.get_guide_cache_utils:load_guides_from_cache:29 - Loaded %d guides from file cache (%d seconds old)
2025-07-29 14:51:47.426 | INFO     | d3_item_salvager.maxroll_parser.get_guide_cache_utils:save_guides_to_cache:48 - Saved %d guides to file cache
2025-07-29 14:51:47.433 | WARNING  | d3_item_salvager.maxroll_parser.get_guide_cache_utils:load_guides_from_cache:36 - Failed to load cache file: %s
2025-07-29 14:51:47.439 | INFO     | d3_item_salvager.maxroll_parser.get_guide_cache_utils:load_guides_from_cache:29 - Loaded %d guides from file cache (%d seconds old)
2025-07-29 14:51:47.452 | INFO     | d3_item_salvager.maxroll_parser.get_guide_urls:_fetch_guides_from_api:106 - Fetched %d guides from API
2025-07-29 14:51:47.453 | INFO     | d3_item_salvager.maxroll_parser.get_guide_cache_utils:save_guides_to_cache:48 - Saved %d guides to file cache
2025-07-29 14:51:47.456 | INFO     | d3_item_salvager.maxroll_parser.get_guide_cache_utils:load_guides_from_cache:29 - Loaded %d guides from file cache (%d seconds old)
2025-07-29 14:51:47.459 | INFO     | d3_item_salvager.maxroll_parser.get_guide_cache_utils:load_guides_from_cache:29 - Loaded %d guides from file cache (%d seconds old)
2025-07-29 14:51:47.462 | INFO     | d3_item_salvager.maxroll_parser.get_guide_cache_utils:load_guides_from_cache:29 - Loaded %d guides from file cache (%d seconds old)
2025-07-29 14:51:47.468 | INFO     | d3_item_salvager.maxroll_parser.get_guide_urls:fetch_guides:123 - Fetched %d guides from local file
2025-07-29 14:51:47.469 | INFO     | d3_item_salvager.maxroll_parser.get_guide_cache_utils:save_guides_to_cache:48 - Saved %d guides to file cache
2025-07-29 14:51:47.477 | INFO     | d3_item_salvager.maxroll_parser.get_guide_urls:fetch_guides:123 - Fetched %d guides from local file
2025-07-29 14:51:47.484 | INFO     | d3_item_salvager.maxroll_parser.get_guide_urls:fetch_guides:123 - Fetched %d guides from local file
2025-07-29 14:51:47.488 | INFO     | d3_item_salvager.maxroll_parser.get_guide_urls:_fetch_guides_from_api:106 - Fetched %d guides from API
2025-07-29 14:51:47.489 | INFO     | d3_item_salvager.maxroll_parser.get_guide_cache_utils:save_guides_to_cache:48 - Saved %d guides to file cache
2025-07-29 15:23:34.298 | INFO     | test_setup:test_setup_logger_runs:100 - Logger setup test message.
2025-07-29 15:23:34.299 | INFO     | d3_item_salvager.logging.setup:wrapper:21 - Started dummy_timed_func
2025-07-29 15:23:34.299 | INFO     | d3_item_salvager.logging.setup:wrapper:23 - Finished dummy_timed_func in 0.00s
2025-07-29 15:23:34.301 | INFO     | d3_item_salvager.logging.setup:wrapper:37 - Calling dummy_contextual_func
2025-07-29 15:23:34.301 | INFO     | d3_item_salvager.logging.setup:wrapper:39 - Finished dummy_contextual_func
2025-07-29 15:23:55.357 | INFO     | test_setup:test_setup_logger_runs:100 - Logger setup test message.
2025-07-29 15:23:55.359 | INFO     | d3_item_salvager.logging.setup:wrapper:21 - Started dummy_timed_func
2025-07-29 15:23:55.360 | INFO     | d3_item_salvager.logging.setup:wrapper:23 - Finished dummy_timed_func in 0.00s
2025-07-29 15:23:55.361 | INFO     | d3_item_salvager.logging.setup:wrapper:37 - Calling dummy_contextual_func
2025-07-29 15:23:55.362 | INFO     | d3_item_salvager.logging.setup:wrapper:39 - Finished dummy_contextual_func
2025-07-29 15:24:23.866 | INFO     | test_setup:test_setup_logger_runs:100 - Logger setup test message.
2025-07-29 15:24:23.868 | INFO     | d3_item_salvager.logging.setup:wrapper:21 - Started dummy_timed_func
2025-07-29 15:24:23.868 | INFO     | d3_item_salvager.logging.setup:wrapper:23 - Finished dummy_timed_func in 0.00s
2025-07-29 15:24:23.869 | INFO     | d3_item_salvager.logging.setup:wrapper:37 - Calling dummy_contextual_func
2025-07-29 15:24:23.870 | INFO     | d3_item_salvager.logging.setup:wrapper:39 - Finished dummy_contextual_func
2025-07-29 15:24:46.218 | INFO     | test_setup:test_setup_logger_runs:100 - Logger setup test message.
2025-07-29 15:24:46.221 | INFO     | d3_item_salvager.logging.setup:wrapper:21 - Started dummy_timed_func
2025-07-29 15:24:46.221 | INFO     | d3_item_salvager.logging.setup:wrapper:23 - Finished dummy_timed_func in 0.00s
2025-07-29 15:24:46.222 | INFO     | d3_item_salvager.logging.setup:wrapper:37 - Calling dummy_contextual_func
2025-07-29 15:24:46.222 | INFO     | d3_item_salvager.logging.setup:wrapper:39 - Finished dummy_contextual_func
2025-07-29 15:27:23.103 | INFO     | test_setup:test_setup_logger_runs:100 - Logger setup test message.
2025-07-29 15:27:23.106 | INFO     | d3_item_salvager.logging.setup:wrapper:21 - Started dummy_timed_func
2025-07-29 15:27:23.107 | INFO     | d3_item_salvager.logging.setup:wrapper:23 - Finished dummy_timed_func in 0.00s
2025-07-29 15:27:23.109 | INFO     | d3_item_salvager.logging.setup:wrapper:37 - Calling dummy_contextual_func
2025-07-29 15:27:23.109 | INFO     | d3_item_salvager.logging.setup:wrapper:39 - Finished dummy_contextual_func
2025-07-29 15:27:23.194 | INFO     | d3_item_salvager.maxroll_parser.get_guide_cache_utils:save_guides_to_cache:48 - Saved %d guides to file cache
2025-07-29 15:27:23.203 | INFO     | d3_item_salvager.maxroll_parser.get_guide_cache_utils:load_guides_from_cache:29 - Loaded %d guides from file cache (%d seconds old)
2025-07-29 15:27:23.208 | INFO     | d3_item_salvager.maxroll_parser.get_guide_cache_utils:save_guides_to_cache:48 - Saved %d guides to file cache
2025-07-29 15:27:23.215 | WARNING  | d3_item_salvager.maxroll_parser.get_guide_cache_utils:load_guides_from_cache:36 - Failed to load cache file: %s
2025-07-29 15:27:23.221 | INFO     | d3_item_salvager.maxroll_parser.get_guide_cache_utils:load_guides_from_cache:29 - Loaded %d guides from file cache (%d seconds old)
2025-07-29 15:27:23.230 | INFO     | d3_item_salvager.maxroll_parser.get_guide_urls:_fetch_guides_from_api:106 - Fetched %d guides from API
2025-07-29 15:27:23.231 | INFO     | d3_item_salvager.maxroll_parser.get_guide_cache_utils:save_guides_to_cache:48 - Saved %d guides to file cache
2025-07-29 15:27:23.241 | INFO     | d3_item_salvager.maxroll_parser.get_guide_cache_utils:load_guides_from_cache:29 - Loaded %d guides from file cache (%d seconds old)
2025-07-29 15:27:23.243 | INFO     | d3_item_salvager.maxroll_parser.get_guide_cache_utils:load_guides_from_cache:29 - Loaded %d guides from file cache (%d seconds old)
2025-07-29 15:27:23.246 | INFO     | d3_item_salvager.maxroll_parser.get_guide_cache_utils:load_guides_from_cache:29 - Loaded %d guides from file cache (%d seconds old)
2025-07-29 15:27:23.251 | INFO     | d3_item_salvager.maxroll_parser.get_guide_urls:fetch_guides:123 - Fetched %d guides from local file
2025-07-29 15:27:23.252 | INFO     | d3_item_salvager.maxroll_parser.get_guide_cache_utils:save_guides_to_cache:48 - Saved %d guides to file cache
2025-07-29 15:27:23.258 | INFO     | d3_item_salvager.maxroll_parser.get_guide_urls:fetch_guides:123 - Fetched %d guides from local file
2025-07-29 15:27:23.269 | INFO     | d3_item_salvager.maxroll_parser.get_guide_urls:fetch_guides:123 - Fetched %d guides from local file
2025-07-29 15:27:23.273 | INFO     | d3_item_salvager.maxroll_parser.get_guide_urls:_fetch_guides_from_api:106 - Fetched %d guides from API
2025-07-29 15:27:23.274 | INFO     | d3_item_salvager.maxroll_parser.get_guide_cache_utils:save_guides_to_cache:48 - Saved %d guides to file cache
2025-07-29 17:50:02.540 | INFO     | test_setup:test_setup_logger_runs:100 - Logger setup test message.
2025-07-29 17:50:02.543 | INFO     | d3_item_salvager.logging.setup:wrapper:21 - Started dummy_timed_func
2025-07-29 17:50:02.543 | INFO     | d3_item_salvager.logging.setup:wrapper:23 - Finished dummy_timed_func in 0.00s
2025-07-29 17:50:02.544 | INFO     | d3_item_salvager.logging.setup:wrapper:37 - Calling dummy_contextual_func
2025-07-29 17:50:02.544 | INFO     | d3_item_salvager.logging.setup:wrapper:39 - Finished dummy_contextual_func
2025-07-29 17:50:20.800 | INFO     | test_setup:test_setup_logger_runs:100 - Logger setup test message.
2025-07-29 17:50:20.802 | INFO     | d3_item_salvager.logging.setup:wrapper:21 - Started dummy_timed_func
2025-07-29 17:50:20.802 | INFO     | d3_item_salvager.logging.setup:wrapper:23 - Finished dummy_timed_func in 0.00s
2025-07-29 17:50:20.804 | INFO     | d3_item_salvager.logging.setup:wrapper:37 - Calling dummy_contextual_func
2025-07-29 17:50:20.804 | INFO     | d3_item_salvager.logging.setup:wrapper:39 - Finished dummy_contextual_func
2025-07-29 17:56:09.634 | INFO     | test_setup:test_setup_logger_runs:74 - Logger setup test message.
2025-07-29 17:56:09.636 | INFO     | d3_item_salvager.logging.setup:wrapper:21 - Started dummy_timed_func
2025-07-29 17:56:09.636 | INFO     | d3_item_salvager.logging.setup:wrapper:23 - Finished dummy_timed_func in 0.00s
2025-07-29 17:56:09.637 | INFO     | d3_item_salvager.logging.setup:wrapper:37 - Calling dummy_contextual_func
2025-07-29 17:56:09.637 | INFO     | d3_item_salvager.logging.setup:wrapper:39 - Finished dummy_contextual_func
2025-07-29 18:09:26.034 | INFO     | test_setup:test_setup_logger_runs:75 - Logger setup test message.
2025-07-29 18:09:26.039 | INFO     | d3_item_salvager.logging.setup:wrapper:21 - Started dummy_timed_func
2025-07-29 18:09:26.039 | INFO     | d3_item_salvager.logging.setup:wrapper:23 - Finished dummy_timed_func in 0.00s
2025-07-29 18:09:26.042 | INFO     | d3_item_salvager.logging.setup:wrapper:37 - Calling dummy_contextual_func
2025-07-29 18:09:26.042 | INFO     | d3_item_salvager.logging.setup:wrapper:39 - Finished dummy_contextual_func
2025-07-29 18:13:55.592 | INFO     | test_setup:test_setup_logger_runs:75 - Logger setup test message.
2025-07-29 18:13:55.594 | INFO     | d3_item_salvager.logging.setup:wrapper:21 - Started dummy_timed_func
2025-07-29 18:13:55.594 | INFO     | d3_item_salvager.logging.setup:wrapper:23 - Finished dummy_timed_func in 0.00s
2025-07-29 18:13:55.596 | INFO     | d3_item_salvager.logging.setup:wrapper:37 - Calling dummy_contextual_func
2025-07-29 18:13:55.596 | INFO     | d3_item_salvager.logging.setup:wrapper:39 - Finished dummy_contextual_func
2025-07-29 18:16:14.746 | INFO     | test_setup:test_setup_logger_runs:76 - Logger setup test message.
2025-07-29 18:16:14.748 | INFO     | d3_item_salvager.logging.setup:wrapper:21 - Started dummy_timed_func
2025-07-29 18:16:14.748 | INFO     | d3_item_salvager.logging.setup:wrapper:23 - Finished dummy_timed_func in 0.00s
2025-07-29 18:16:14.749 | INFO     | d3_item_salvager.logging.setup:wrapper:37 - Calling dummy_contextual_func
2025-07-29 18:16:14.750 | INFO     | d3_item_salvager.logging.setup:wrapper:39 - Finished dummy_contextual_func
2025-07-29 19:48:53.074 | INFO     | test_setup:test_setup_logger_runs:76 - Logger setup test message.
2025-07-29 19:48:53.078 | INFO     | d3_item_salvager.logging.setup:wrapper:21 - Started dummy_timed_func
2025-07-29 19:48:53.078 | INFO     | d3_item_salvager.logging.setup:wrapper:23 - Finished dummy_timed_func in 0.00s
2025-07-29 19:48:53.081 | INFO     | d3_item_salvager.logging.setup:wrapper:37 - Calling dummy_contextual_func
2025-07-29 19:48:53.081 | INFO     | d3_item_salvager.logging.setup:wrapper:39 - Finished dummy_contextual_func
2025-07-29 19:58:09.892 | INFO     | test_setup:test_setup_logger_runs:76 - Logger setup test message.
2025-07-29 19:58:09.895 | INFO     | d3_item_salvager.logging.setup:wrapper:21 - Started dummy_timed_func
2025-07-29 19:58:09.895 | INFO     | d3_item_salvager.logging.setup:wrapper:23 - Finished dummy_timed_func in 0.00s
2025-07-29 19:58:09.897 | INFO     | d3_item_salvager.logging.setup:wrapper:37 - Calling dummy_contextual_func
2025-07-29 19:58:09.897 | INFO     | d3_item_salvager.logging.setup:wrapper:39 - Finished dummy_contextual_func
2025-07-29 20:01:05.451 | INFO     | test_setup:test_setup_logger_runs:76 - Logger setup test message.
2025-07-29 20:01:05.455 | INFO     | d3_item_salvager.logging.setup:wrapper:21 - Started dummy_timed_func
2025-07-29 20:01:05.455 | INFO     | d3_item_salvager.logging.setup:wrapper:23 - Finished dummy_timed_func in 0.00s
2025-07-29 20:01:05.457 | INFO     | d3_item_salvager.logging.setup:wrapper:37 - Calling dummy_contextual_func
2025-07-29 20:01:05.457 | INFO     | d3_item_salvager.logging.setup:wrapper:39 - Finished dummy_contextual_func
2025-07-29 20:25:55.412 | INFO     | test_setup:test_setup_logger_runs:76 - Logger setup test message.
2025-07-29 20:25:55.414 | INFO     | d3_item_salvager.logging.setup:wrapper:21 - Started dummy_timed_func
2025-07-29 20:25:55.414 | INFO     | d3_item_salvager.logging.setup:wrapper:23 - Finished dummy_timed_func in 0.00s
2025-07-29 20:25:55.415 | INFO     | d3_item_salvager.logging.setup:wrapper:37 - Calling dummy_contextual_func
2025-07-29 20:25:55.416 | INFO     | d3_item_salvager.logging.setup:wrapper:39 - Finished dummy_contextual_func
